# JRE version: Java(TM) SE Runtime Environment (7.0_79-b15) (build 1.7.0_79-b15)
# Java VM: Java HotSpot(TM) 64-Bit Server VM (24.79-b02 mixed mode windows-amd64 compressed oops)
Heap
 PSYoungGen      total 70656K, used 49349K [0x00000000eaa80000, 0x00000000efa80000, 0x0000000100000000)
  eden space 64000K, 77% used [0x00000000eaa80000,0x00000000edab1710,0x00000000ee900000)
  from space 6656K, 0% used [0x00000000ef100000,0x00000000ef100000,0x00000000ef780000)
  to   space 8192K, 0% used [0x00000000ee900000,0x00000000ee900000,0x00000000ef100000)
 ParOldGen       total 68096K, used 38148K [0x00000000c0000000, 0x00000000c4280000, 0x00000000eaa80000)
  object space 68096K, 56% used [0x00000000c0000000,0x00000000c2541098,0x00000000c4280000)
 PSPermGen       total 21504K, used 6062K [0x00000000bae00000, 0x00000000bc300000, 0x00000000c0000000)
  object space 21504K, 28% used [0x00000000bae00000,0x00000000bb3eb9e8,0x00000000bc300000)
GC Heap History (10 events):
Event: 13.438 GC heap before
{Heap before GC invocations=5 (full 0):
 PSYoungGen      total 35328K, used 35318K [0x00000000eaa80000, 0x00000000ecf80000, 0x0000000100000000)
  eden space 32768K, 100% used [0x00000000eaa80000,0x00000000eca80000,0x00000000eca80000)
  from space 2560K, 99% used [0x00000000ecd00000,0x00000000ecf7db20,0x00000000ecf80000)
  to   space 2560K, 0% used [0x00000000eca80000,0x00000000eca80000,0x00000000ecd00000)
 ParOldGen       total 42496K, used 8971K [0x00000000c0000000, 0x00000000c2980000, 0x00000000eaa80000)
  object space 42496K, 21% used [0x00000000c0000000,0x00000000c08c2d60,0x00000000c2980000)
 PSPermGen       total 21504K, used 5655K [0x00000000bae00000, 0x00000000bc300000, 0x00000000c0000000)
  object space 21504K, 26% used [0x00000000bae00000,0x00000000bb385f68,0x00000000bc300000)
Event: 13.498 GC heap after
Heap after GC invocations=5 (full 0):
 PSYoungGen      total 35328K, used 2542K [0x00000000eaa80000, 0x00000000ef780000, 0x0000000100000000)
  eden space 32768K, 0% used [0x00000000eaa80000,0x00000000eaa80000,0x00000000eca80000)
  from space 2560K, 99% used [0x00000000eca80000,0x00000000eccfb8d8,0x00000000ecd00000)
  to   space 6656K, 0% used [0x00000000ef100000,0x00000000ef100000,0x00000000ef780000)
 ParOldGen       total 42496K, used 13177K [0x00000000c0000000, 0x00000000c2980000, 0x00000000eaa80000)
  object space 42496K, 31% used [0x00000000c0000000,0x00000000c0cde648,0x00000000c2980000)
 PSPermGen       total 21504K, used 5655K [0x00000000bae00000, 0x00000000bc300000, 0x00000000c0000000)
  object space 21504K, 26% used [0x00000000bae00000,0x00000000bb385f68,0x00000000bc300000)
}
Event: 13.920 GC heap before
{Heap before GC invocations=6 (full 0):
 PSYoungGen      total 35328K, used 35310K [0x00000000eaa80000, 0x00000000ef780000, 0x0000000100000000)
  eden space 32768K, 100% used [0x00000000eaa80000,0x00000000eca80000,0x00000000eca80000)
  from space 2560K, 99% used [0x00000000eca80000,0x00000000eccfb8d8,0x00000000ecd00000)
  to   space 6656K, 0% used [0x00000000ef100000,0x00000000ef100000,0x00000000ef780000)
 ParOldGen       total 42496K, used 13177K [0x00000000c0000000, 0x00000000c2980000, 0x00000000eaa80000)
  object space 42496K, 31% used [0x00000000c0000000,0x00000000c0cde648,0x00000000c2980000)
 PSPermGen       total 21504K, used 5680K [0x00000000bae00000, 0x00000000bc300000, 0x00000000c0000000)
  object space 21504K, 26% used [0x00000000bae00000,0x00000000bb38c398,0x00000000bc300000)
Event: 14.214 GC heap after
Heap after GC invocations=6 (full 0):
 PSYoungGen      total 70656K, used 6630K [0x00000000eaa80000, 0x00000000efa80000, 0x0000000100000000)
  eden space 64000K, 0% used [0x00000000eaa80000,0x00000000eaa80000,0x00000000ee900000)
  from space 6656K, 99% used [0x00000000ef100000,0x00000000ef779940,0x00000000ef780000)
  to   space 8192K, 0% used [0x00000000ee900000,0x00000000ee900000,0x00000000ef100000)
 ParOldGen       total 42496K, used 14206K [0x00000000c0000000, 0x00000000c2980000, 0x00000000eaa80000)
  object space 42496K, 33% used [0x00000000c0000000,0x00000000c0ddf9b0,0x00000000c2980000)
 PSPermGen       total 21504K, used 5680K [0x00000000bae00000, 0x00000000bc300000, 0x00000000c0000000)
  object space 21504K, 26% used [0x00000000bae00000,0x00000000bb38c398,0x00000000bc300000)
}
Event: 15.655 GC heap before
{Heap before GC invocations=7 (full 0):
 PSYoungGen      total 70656K, used 70630K [0x00000000eaa80000, 0x00000000efa80000, 0x0000000100000000)
  eden space 64000K, 100% used [0x00000000eaa80000,0x00000000ee900000,0x00000000ee900000)
  from space 6656K, 99% used [0x00000000ef100000,0x00000000ef779940,0x00000000ef780000)
  to   space 8192K, 0% used [0x00000000ee900000,0x00000000ee900000,0x00000000ef100000)
 ParOldGen       total 42496K, used 14206K [0x00000000c0000000, 0x00000000c2980000, 0x00000000eaa80000)
  object space 42496K, 33% used [0x00000000c0000000,0x00000000c0ddf9b0,0x00000000c2980000)
 PSPermGen       total 21504K, used 5713K [0x00000000bae00000, 0x00000000bc300000, 0x00000000c0000000)
  object space 21504K, 26% used [0x00000000bae00000,0x00000000bb394430,0x00000000bc300000)
Event: 15.934 GC heap after
Heap after GC invocations=7 (full 0):
 PSYoungGen      total 72192K, used 8179K [0x00000000eaa80000, 0x00000000efa80000, 0x0000000100000000)
  eden space 64000K, 0% used [0x00000000eaa80000,0x00000000eaa80000,0x00000000ee900000)
  from space 8192K, 99% used [0x00000000ee900000,0x00000000ef0fcfa0,0x00000000ef100000)
  to   space 6656K, 0% used [0x00000000ef100000,0x00000000ef100000,0x00000000ef780000)
 ParOldGen       total 42496K, used 22449K [0x00000000c0000000, 0x00000000c2980000, 0x00000000eaa80000)
  object space 42496K, 52% used [0x00000000c0000000,0x00000000c15ec400,0x00000000c2980000)
 PSPermGen       total 21504K, used 5713K [0x00000000bae00000, 0x00000000bc300000, 0x00000000c0000000)
  object space 21504K, 26% used [0x00000000bae00000,0x00000000bb394430,0x00000000bc300000)
}
Event: 17.380 GC heap before
{Heap before GC invocations=8 (full 0):
 PSYoungGen      total 72192K, used 72179K [0x00000000eaa80000, 0x00000000efa80000, 0x0000000100000000)
  eden space 64000K, 100% used [0x00000000eaa80000,0x00000000ee900000,0x00000000ee900000)
  from space 8192K, 99% used [0x00000000ee900000,0x00000000ef0fcfa0,0x00000000ef100000)
  to   space 6656K, 0% used [0x00000000ef100000,0x00000000ef100000,0x00000000ef780000)
 ParOldGen       total 42496K, used 22449K [0x00000000c0000000, 0x00000000c2980000, 0x00000000eaa80000)
  object space 42496K, 52% used [0x00000000c0000000,0x00000000c15ec400,0x00000000c2980000)
 PSPermGen       total 21504K, used 5730K [0x00000000bae00000, 0x00000000bc300000, 0x00000000c0000000)
  object space 21504K, 26% used [0x00000000bae00000,0x00000000bb398a18,0x00000000bc300000)
Event: 17.407 GC heap after
Heap after GC invocations=8 (full 0):
 PSYoungGen      total 70656K, used 6632K [0x00000000eaa80000, 0x00000000efa80000, 0x0000000100000000)
  eden space 64000K, 0% used [0x00000000eaa80000,0x00000000eaa80000,0x00000000ee900000)
  from space 6656K, 99% used [0x00000000ef100000,0x00000000ef77a310,0x00000000ef780000)
  to   space 8192K, 0% used [0x00000000ee900000,0x00000000ee900000,0x00000000ef100000)
 ParOldGen       total 42496K, used 34420K [0x00000000c0000000, 0x00000000c2980000, 0x00000000eaa80000)
  object space 42496K, 80% used [0x00000000c0000000,0x00000000c219d158,0x00000000c2980000)
 PSPermGen       total 21504K, used 5730K [0x00000000bae00000, 0x00000000bc300000, 0x00000000c0000000)
  object space 21504K, 26% used [0x00000000bae00000,0x00000000bb398a18,0x00000000bc300000)
}
Event: 17.407 GC heap before
{Heap before GC invocations=9 (full 1):
 PSYoungGen      total 70656K, used 6632K [0x00000000eaa80000, 0x00000000efa80000, 0x0000000100000000)
  eden space 64000K, 0% used [0x00000000eaa80000,0x00000000eaa80000,0x00000000ee900000)
  from space 6656K, 99% used [0x00000000ef100000,0x00000000ef77a310,0x00000000ef780000)
  to   space 8192K, 0% used [0x00000000ee900000,0x00000000ee900000,0x00000000ef100000)
 ParOldGen       total 42496K, used 34420K [0x00000000c0000000, 0x00000000c2980000, 0x00000000eaa80000)
  object space 42496K, 80% used [0x00000000c0000000,0x00000000c219d158,0x00000000c2980000)
 PSPermGen       total 21504K, used 5730K [0x00000000bae00000, 0x00000000bc300000, 0x00000000c0000000)
  object space 21504K, 26% used [0x00000000bae00000,0x00000000bb398a18,0x00000000bc300000)
Event: 17.823 GC heap after
Heap after GC invocations=9 (full 1):
 PSYoungGen      total 70656K, used 0K [0x00000000eaa80000, 0x00000000efa80000, 0x0000000100000000)
  eden space 64000K, 0% used [0x00000000eaa80000,0x00000000eaa80000,0x00000000ee900000)
  from space 6656K, 0% used [0x00000000ef100000,0x00000000ef100000,0x00000000ef780000)
  to   space 8192K, 0% used [0x00000000ee900000,0x00000000ee900000,0x00000000ef100000)
 ParOldGen       total 68096K, used 38148K [0x00000000c0000000, 0x00000000c4280000, 0x00000000eaa80000)
  object space 68096K, 56% used [0x00000000c0000000,0x00000000c2541098,0x00000000c4280000)
 PSPermGen       total 21504K, used 5725K [0x00000000bae00000, 0x00000000bc300000, 0x00000000c0000000)
  object space 21504K, 26% used [0x00000000bae00000,0x00000000bb397740,0x00000000bc300000)
}

